<?xml version="1.0" encoding="UTF-8"?>
<testsuite xmlns:xsi="http://www.w3.org/2001/XMLSchema-instance" xsi:noNamespaceSchemaLocation="https://maven.apache.org/surefire/maven-surefire-plugin/xsd/surefire-test-report-3.0.xsd" version="3.0" name="com.crm.CrmApplicationTests" time="6.144" tests="1" errors="0" skipped="0" failures="0">
  <properties>
[...]
</properties>
  <testcase name="contextLoads" classname="com.crm.CrmApplicationTests" time="1.496">
    <system-out><![CDATA[13:13:51.489 [main] INFO org.springframework.test.context.support.AnnotationConfigContextLoaderUtils -- Could not detect default configuration classes for test class [com.crm.CrmApplicationTests]: CrmApplicationTests does not declare any static, non-private, non-final, nested classes annotated with @Configuration.
13:13:51.706 [main] INFO org.springframework.boot.test.context.SpringBootTestContextBootstrapper -- Found @SpringBootConfiguration com.crm.CrmApplication for test class com.crm.CrmApplicationTests
13:13:51.909 [main] INFO org.springframework.boot.devtools.restart.RestartApplicationListener -- Restart disabled due to context in which it is running

  .   ____          _            __ _ _
 /\\ / ___'_ __ _ _(_)_ __  __ _ \ \ \ \
( ( )\___ | '_ | '_| | '_ \/ _` | \ \ \ \
 \\/  ___)| |_)| | | | | || (_| |  ) ) ) )
  '  |____| .__|_| |_|_| |_\__, | / / / /
 =========|_|==============|___/=/_/_/_/

 :: Spring Boot ::                (v3.3.2)

2024-08-06T13:13:52.521+05:30  INFO 224652 --- [CRM] [           main] com.crm.CrmApplicationTests              : Starting CrmApplicationTests using Java 22.0.2 with PID 224652 (started by alwin in /home/alwin/Downloads/crm)
2024-08-06T13:13:52.523+05:30  INFO 224652 --- [CRM] [           main] com.crm.CrmApplicationTests              : No active profile set, falling back to 1 default profile: "default"
2024-08-06T13:13:53.587+05:30  INFO 224652 --- [CRM] [           main] .s.d.r.c.RepositoryConfigurationDelegate : Bootstrapping Spring Data MongoDB repositories in DEFAULT mode.
2024-08-06T13:13:53.665+05:30  INFO 224652 --- [CRM] [           main] .s.d.r.c.RepositoryConfigurationDelegate : Finished Spring Data repository scanning in 71 ms. Found 4 MongoDB repository interfaces.
2024-08-06T13:13:54.330+05:30  INFO 224652 --- [CRM] [           main] org.mongodb.driver.client                : MongoClient with metadata {"driver": {"name": "mongo-java-driver|sync|spring-boot", "version": "5.0.1"}, "os": {"type": "Linux", "name": "Linux", "architecture": "amd64", "version": "6.5.0-44-generic"}, "platform": "Java/Oracle Corporation/22.0.2+9-70"} created with settings MongoClientSettings{readPreference=primary, writeConcern=WriteConcern{w=majority, wTimeout=null ms, journal=null}, retryWrites=true, retryReads=true, readConcern=ReadConcern{level=null}, credential=MongoCredential{mechanism=null, userName='alwin', source='admin', password=<hidden>, mechanismProperties=<hidden>}, transportSettings=null, commandListeners=[], codecRegistry=ProvidersCodecRegistry{codecProviders=[ValueCodecProvider{}, BsonValueCodecProvider{}, DBRefCodecProvider{}, DBObjectCodecProvider{}, DocumentCodecProvider{}, CollectionCodecProvider{}, IterableCodecProvider{}, MapCodecProvider{}, GeoJsonCodecProvider{}, GridFSFileCodecProvider{}, Jsr310CodecProvider{}, JsonObjectCodecProvider{}, BsonCodecProvider{}, EnumCodecProvider{}, com.mongodb.client.model.mql.ExpressionCodecProvider@5529ff44, com.mongodb.Jep395RecordCodecProvider@14447be, com.mongodb.KotlinCodecProvider@5eb5da12]}, loggerSettings=LoggerSettings{maxDocumentLength=1000}, clusterSettings={hosts=[127.0.0.1:27017], srvHost=cluster0.ltavrxh.mongodb.net, srvServiceName=mongodb, mode=MULTIPLE, requiredClusterType=REPLICA_SET, requiredReplicaSetName='atlas-xru1qt-shard-0', serverSelector='null', clusterListeners='[]', serverSelectionTimeout='30000 ms', localThreshold='15 ms'}, socketSettings=SocketSettings{connectTimeoutMS=10000, readTimeoutMS=0, receiveBufferSize=0, proxySettings=ProxySettings{host=null, port=null, username=null, password=null}}, heartbeatSocketSettings=SocketSettings{connectTimeoutMS=10000, readTimeoutMS=10000, receiveBufferSize=0, proxySettings=ProxySettings{host=null, port=null, username=null, password=null}}, connectionPoolSettings=ConnectionPoolSettings{maxSize=100, minSize=0, maxWaitTimeMS=120000, maxConnectionLifeTimeMS=0, maxConnectionIdleTimeMS=0, maintenanceInitialDelayMS=0, maintenanceFrequencyMS=60000, connectionPoolListeners=[], maxConnecting=2}, serverSettings=ServerSettings{heartbeatFrequencyMS=10000, minHeartbeatFrequencyMS=500, serverListeners='[]', serverMonitorListeners='[]'}, sslSettings=SslSettings{enabled=true, invalidHostNameAllowed=false, context=null}, applicationName='null', compressorList=[], uuidRepresentation=JAVA_LEGACY, serverApi=null, autoEncryptionSettings=null, dnsClient=null, inetAddressResolver=null, contextProvider=null}
2024-08-06T13:13:54.331+05:30  INFO 224652 --- [CRM] [rxh.mongodb.net] org.mongodb.driver.cluster               : Adding discovered server ac-lzb1pb7-shard-00-02.ltavrxh.mongodb.net:27017 to client view of cluster
2024-08-06T13:13:54.439+05:30  INFO 224652 --- [CRM] [rxh.mongodb.net] org.mongodb.driver.cluster               : Adding discovered server ac-lzb1pb7-shard-00-00.ltavrxh.mongodb.net:27017 to client view of cluster
2024-08-06T13:13:54.459+05:30  INFO 224652 --- [CRM] [rxh.mongodb.net] org.mongodb.driver.cluster               : Adding discovered server ac-lzb1pb7-shard-00-01.ltavrxh.mongodb.net:27017 to client view of cluster
2024-08-06T13:13:55.695+05:30  INFO 224652 --- [CRM] [           main] com.crm.CrmApplicationTests              : Started CrmApplicationTests in 3.801 seconds (process running for 5.31)
2024-08-06T13:13:56.126+05:30  INFO 224652 --- [CRM] [ngodb.net:27017] org.mongodb.driver.cluster               : Monitor thread successfully connected to server with description ServerDescription{address=ac-lzb1pb7-shard-00-00.ltavrxh.mongodb.net:27017, type=REPLICA_SET_SECONDARY, state=CONNECTED, ok=true, minWireVersion=0, maxWireVersion=21, maxDocumentSize=16777216, logicalSessionTimeoutMinutes=30, roundTripTimeNanos=928260501, setName='atlas-xru1qt-shard-0', canonicalAddress=ac-lzb1pb7-shard-00-00.ltavrxh.mongodb.net:27017, hosts=[ac-lzb1pb7-shard-00-00.ltavrxh.mongodb.net:27017, ac-lzb1pb7-shard-00-01.ltavrxh.mongodb.net:27017, ac-lzb1pb7-shard-00-02.ltavrxh.mongodb.net:27017], passives=[], arbiters=[], primary='ac-lzb1pb7-shard-00-02.ltavrxh.mongodb.net:27017', tagSet=TagSet{[Tag{name='availabilityZone', value='use1-az4'}, Tag{name='diskState', value='READY'}, Tag{name='nodeType', value='ELECTABLE'}, Tag{name='provider', value='AWS'}, Tag{name='region', value='US_EAST_1'}, Tag{name='workloadType', value='OPERATIONAL'}]}, electionId=null, setVersion=6, topologyVersion=TopologyVersion{processId=668c3838ac02a6dfc044eb0c, counter=4}, lastWriteDate=Tue Aug 06 13:13:56 IST 2024, lastUpdateTimeNanos=10574364873590}
2024-08-06T13:13:56.128+05:30  INFO 224652 --- [CRM] [ngodb.net:27017] org.mongodb.driver.cluster               : Monitor thread successfully connected to server with description ServerDescription{address=ac-lzb1pb7-shard-00-01.ltavrxh.mongodb.net:27017, type=REPLICA_SET_SECONDARY, state=CONNECTED, ok=true, minWireVersion=0, maxWireVersion=21, maxDocumentSize=16777216, logicalSessionTimeoutMinutes=30, roundTripTimeNanos=929398652, setName='atlas-xru1qt-shard-0', canonicalAddress=ac-lzb1pb7-shard-00-01.ltavrxh.mongodb.net:27017, hosts=[ac-lzb1pb7-shard-00-00.ltavrxh.mongodb.net:27017, ac-lzb1pb7-shard-00-01.ltavrxh.mongodb.net:27017, ac-lzb1pb7-shard-00-02.ltavrxh.mongodb.net:27017], passives=[], arbiters=[], primary='ac-lzb1pb7-shard-00-02.ltavrxh.mongodb.net:27017', tagSet=TagSet{[Tag{name='availabilityZone', value='use1-az6'}, Tag{name='diskState', value='READY'}, Tag{name='nodeType', value='ELECTABLE'}, Tag{name='provider', value='AWS'}, Tag{name='region', value='US_EAST_1'}, Tag{name='workloadType', value='OPERATIONAL'}]}, electionId=null, setVersion=6, topologyVersion=TopologyVersion{processId=668c38dc7c797da532e8322f, counter=3}, lastWriteDate=Tue Aug 06 13:13:56 IST 2024, lastUpdateTimeNanos=10574366169038}
2024-08-06T13:13:56.126+05:30  INFO 224652 --- [CRM] [ngodb.net:27017] org.mongodb.driver.cluster               : Monitor thread successfully connected to server with description ServerDescription{address=ac-lzb1pb7-shard-00-02.ltavrxh.mongodb.net:27017, type=REPLICA_SET_PRIMARY, state=CONNECTED, ok=true, minWireVersion=0, maxWireVersion=21, maxDocumentSize=16777216, logicalSessionTimeoutMinutes=30, roundTripTimeNanos=926400062, setName='atlas-xru1qt-shard-0', canonicalAddress=ac-lzb1pb7-shard-00-02.ltavrxh.mongodb.net:27017, hosts=[ac-lzb1pb7-shard-00-00.ltavrxh.mongodb.net:27017, ac-lzb1pb7-shard-00-01.ltavrxh.mongodb.net:27017, ac-lzb1pb7-shard-00-02.ltavrxh.mongodb.net:27017], passives=[], arbiters=[], primary='ac-lzb1pb7-shard-00-02.ltavrxh.mongodb.net:27017', tagSet=TagSet{[Tag{name='availabilityZone', value='use1-az5'}, Tag{name='diskState', value='READY'}, Tag{name='nodeType', value='ELECTABLE'}, Tag{name='provider', value='AWS'}, Tag{name='region', value='US_EAST_1'}, Tag{name='workloadType', value='OPERATIONAL'}]}, electionId=7fffffff000000000000002a, setVersion=6, topologyVersion=TopologyVersion{processId=668c388a7e23d7ad8e38c1d8, counter=6}, lastWriteDate=Tue Aug 06 13:13:56 IST 2024, lastUpdateTimeNanos=10574363067888}
2024-08-06T13:13:56.137+05:30  INFO 224652 --- [CRM] [ngodb.net:27017] org.mongodb.driver.cluster               : Discovered replica set primary ac-lzb1pb7-shard-00-02.ltavrxh.mongodb.net:27017 with max election id 7fffffff000000000000002a and max set version 6
]]></system-out>
    <system-err><![CDATA[WARNING: A Java agent has been loaded dynamically (/home/alwin/.m2/repository/net/bytebuddy/byte-buddy-agent/1.14.18/byte-buddy-agent-1.14.18.jar)
WARNING: If a serviceability tool is in use, please run with -XX:+EnableDynamicAgentLoading to hide this warning
WARNING: If a serviceability tool is not in use, please run with -Djdk.instrument.traceUsage for more information
WARNING: Dynamic loading of agents will be disallowed by default in a future release
]]></system-err>
  </testcase>
</testsuite>